
> digital-platform@0.1.0 build
> react-scripts build

Creating an optimized production build...
Compiled with warnings.

[eslint] 
src/components/auth/Signup.jsx
  Line 7:3:   'Divider' is defined but never used      no-unused-vars
  Line 26:3:  'Engineering' is defined but never used  no-unused-vars
  Line 27:3:  'Home' is defined but never used         no-unused-vars

src/components/dashboard/AgentDashboard.jsx
  Line 17:3:  'Badge' is defined but never used  no-unused-vars

src/components/dashboard/FounderDashboard.jsx
  Line 34:10:  'AccountBalance' is defined but never used  no-unused-vars

src/contexts/AuthContext.jsx
  Line 67:9:  'userType' is assigned a value but never used  no-unused-vars

src/pages/Home.jsx
  Line 8:3:   'CardContent' is defined but never used  no-unused-vars
  Line 10:3:  'AppBar' is defined but never used       no-unused-vars
  Line 11:3:  'Toolbar' is defined but never used      no-unused-vars

src/pages/Marketplace.jsx
  Line 23:3:   'Tabs' is defined but never used                      no-unused-vars
  Line 24:3:   'Tab' is defined but never used                       no-unused-vars
  Line 32:3:   'Favorite' is defined but never used                  no-unused-vars
  Line 35:3:   'Visibility' is defined but never used                no-unused-vars
  Line 49:10:  'TabPanel' is defined but never used                  no-unused-vars
  Line 64:10:  'tabValue' is assigned a value but never used         no-unused-vars
  Line 220:9:  'handleTabChange' is assigned a value but never used  no-unused-vars

src/pages/Verification.jsx
  Line 23:3:   'Dialog' is defined but never used                   no-unused-vars
  Line 24:3:   'DialogTitle' is defined but never used              no-unused-vars
  Line 25:3:   'DialogContent' is defined but never used            no-unused-vars
  Line 26:3:   'DialogActions' is defined but never used            no-unused-vars
  Line 27:3:   'TextField' is defined but never used                no-unused-vars
  Line 28:3:   'FormControl' is defined but never used              no-unused-vars
  Line 29:3:   'InputLabel' is defined but never used               no-unused-vars
  Line 30:3:   'Select' is defined but never used                   no-unused-vars
  Line 31:3:   'MenuItem' is defined but never used                 no-unused-vars
  Line 32:3:   'IconButton' is defined but never used               no-unused-vars
  Line 35:3:   'Upload' is defined but never used                   no-unused-vars
  Line 38:3:   'Schedule' is defined but never used                 no-unused-vars
  Line 39:3:   'Payment' is defined but never used                  no-unused-vars
  Line 41:3:   'LocationOn' is defined but never used               no-unused-vars
  Line 44:3:   'Phone' is defined but never used                    no-unused-vars
  Line 46:3:   'Close' is defined but never used                    no-unused-vars
  Line 48:3:   'Warning' is defined but never used                  no-unused-vars
  Line 49:12:  'ErrorIcon' is defined but never used                no-unused-vars
  Line 60:10:  'showAgentModal' is assigned a value but never used  no-unused-vars

src/utils/notifications.js
  Line 32:1:  Assign object to a variable before exporting as module default  import/no-anonymous-default-export

Search for the keywords to learn more about each warning.
To ignore, add // eslint-disable-next-line to the line before.

File sizes after gzip:

  114.14 kB (-191.11 kB)  build/static/js/main.843100d7.js
  111.3 kB                build/static/js/218.63355ddc.chunk.js
  20.45 kB                build/static/js/416.6e236d81.chunk.js
  13.85 kB                build/static/js/154.3a144b7e.chunk.js
  11.3 kB                 build/static/js/984.cbe2bef0.chunk.js
  10.26 kB                build/static/js/401.4ecd8d17.chunk.js
  8.41 kB                 build/static/js/537.72026a10.chunk.js
  7.96 kB                 build/static/js/FounderDashboard.eff0f095.chunk.js
  7.2 kB                  build/static/js/132.ea4a6a1b.chunk.js
  5.99 kB                 build/static/js/Login.7aa6960e.chunk.js
  5.77 kB                 build/static/js/564.c0d0e80b.chunk.js
  5.68 kB                 build/static/js/573.e92d996f.chunk.js
  5.64 kB                 build/static/js/Marketplace.8c5cf56f.chunk.js
  4.66 kB                 build/static/js/Signup.6b2979e3.chunk.js
  4.45 kB                 build/static/js/Verification.4fee8164.chunk.js
  4.44 kB                 build/static/js/AgentDashboard.ee829c36.chunk.js
  4.42 kB                 build/static/js/533.19558e9a.chunk.js
  3.57 kB                 build/static/js/353.c85a10dc.chunk.js
  3.5 kB                  build/static/js/217.0f31f552.chunk.js
  3.47 kB                 build/static/js/625.57e8e44c.chunk.js
  3.16 kB                 build/static/js/759.78faad26.chunk.js
  3.11 kB                 build/static/js/Footer.d4ab6f60.chunk.js
  3.03 kB                 build/static/js/277.c71c14c4.chunk.js
  2.79 kB                 build/static/js/Home.d1248a38.chunk.js
  2.44 kB                 build/static/js/89.16fbed50.chunk.js
  1.99 kB (+155 B)        build/static/css/main.b01997ea.css
  1.77 kB                 build/static/js/453.41b78ad4.chunk.js
  1.08 kB                 build/static/js/Header.97ac67fc.chunk.js

The project was built assuming it is hosted at /.
You can control this with the homepage field in your package.json.

The build folder is ready to be deployed.
You may serve it with a static server:

  npm install -g serve
  serve -s build

Find out more about deployment here:

  https://cra.link/deployment

